<?xml version="1.0" encoding="UTF-8"?>
<!-- Generated by org.testng.reporters.JUnitReportReporter -->
<testsuite hostname="Shreyanshis-MacBook-Air.local" failures="0" tests="1" name="MavenProject.ToLearnExtentReport" time="0.789" errors="0" timestamp="2024-08-09T11:23:44 IST" skipped="0">
  <testcase classname="MavenProject.ToLearnExtentReport" name="createReport" time="0.789"/>
  <system-out/>
</testsuite> <!-- MavenProject.ToLearnExtentReport -->
