<?xml version="1.0" encoding="UTF-8"?>
<!-- Generated by org.testng.reporters.JUnitReportReporter -->
<testsuite hostname="Shreyanshis-Air" failures="0" tests="1" name="MavenProject.Sample" time="0.008" errors="0" timestamp="2024-07-27T11:17:37 IST" skipped="0">
  <testcase classname="MavenProject.Sample" name="demo" time="0.008"/>
  <system-out>
    <![CDATA[Sample class executed]]>
  </system-out>
</testsuite> <!-- MavenProject.Sample -->
