<?xml version="1.0" encoding="UTF-8"?>
<!-- Generated by org.testng.reporters.JUnitReportReporter -->
<testsuite hostname="Shreyanshis-MacBook-Air.local" failures="0" tests="1" name="MavenProject.ToAddScreenshotIntoReference" time="66.429" errors="0" timestamp="2024-08-09T12:18:00 IST" skipped="0">
  <testcase classname="MavenProject.ToAddScreenshotIntoReference" name="addScreenshot" time="66.429"/>
  <system-out/>
</testsuite> <!-- MavenProject.ToAddScreenshotIntoReference -->
